<?xml version="1.0" encoding="UTF-8"?>
<!-- Generated by org.testng.reporters.JUnitReportReporter -->
<testsuite hostname="dell" failures="0" tests="1" name="automation_exercise.AutomationExerciseTest" time="51.922" errors="0" timestamp="2025-06-08T15:07:34 IST" skipped="0">
  <testcase classname="automation_exercise.AutomationExerciseTest" name="fullTestFlow" time="51.922"/>
</testsuite> <!-- automation_exercise.AutomationExerciseTest -->
