<?xml version="1.0" encoding="UTF-8"?>
<!-- Generated by org.testng.reporters.JUnitReportReporter -->
<testsuite hostname="dell" failures="0" tests="1" name="automation_exercise.AutomationExerciseTest" time="73.819" errors="0" timestamp="2025-06-26T00:04:04 IST" skipped="0">
  <testcase classname="automation_exercise.AutomationExerciseTest" name="fullTestFlow" time="73.819"/>
</testsuite> <!-- automation_exercise.AutomationExerciseTest -->
